<?xml version="1.0" encoding="utf-8"?><testsuites name="pytest tests"><testsuite name="pytest" errors="0" failures="8" skipped="12" tests="458" time="267.228" timestamp="2026-09-11T10:37:07.694429+08:00" hostname="desuwu"><testcase classname="tests.audit_v2.test_independent_audit" name="test_unseen_rectangles_have_safe_physical_instances[4800-4800-origin0]" time="0.050" /><testcase classname="tests.audit_v2.test_independent_audit" name="test_unseen_rectangles_have_safe_physical_instances[5100.25-7210.75-origin1]" time="0.066" /><testcase classname="tests.audit_v2.test_independent_audit" name="test_unseen_rectangles_have_safe_physical_instances[6355-28300-origin2]" time="0.342" /><testcase classname="tests.audit_v2.test_independent_audit" name="test_unseen_rectangles_have_safe_physical_instances[33700-6599-origin3]" time="0.446" /><testcase classname="tests.audit_v2.test_independent_audit" name="test_unseen_rectangles_have_safe_physical_instances[12713.75-17321.25-origin4]" time="0.390" /><testcase classname="tests.audit_v2.test_independent_audit" name="test_unseen_rectangles_have_safe_physical_instances[27000-27000-origin5]" time="1.109" /><testcase classname="tests.audit_v2.test_independent_audit" name="test_module_dp_against_rational_exhaustive_oracle[lengths0-13.74-2]" time="0.004" /><testcase classname="tests.audit_v2.test_independent_audit" name="test_module_dp_against_rational_exhaustive_oracle[lengths1-13.75-3]" time="0.002" /><testcase classname="tests.audit_v2.test_independent_audit" name="test_module_dp_against_rational_exhaustive_oracle[lengths2-12.5-4]" time="0.002" /><testcase classname="tests.audit_v2.test_independent_audit" name="test_module_dp_against_rational_exhaustive_oracle[lengths3-53-2]" time="0.002" /><testcase classname="tests.audit_v2.test_independent_audit" name="test_module_dp_against_rational_exhaustive_oracle[lengths4-53-5]" time="0.003" /><testcase classname="tests.audit_v2.test_independent_audit" name="test_module_dp_against_rational_exhaustive_oracle[lengths5-13.99-2]" time="0.001" /><testcase classname="tests.audit_v2.test_independent_audit" name="test_module_dp_against_rational_exhaustive_oracle[lengths6-18-3]" time="0.002" /><testcase classname="tests.audit_v2.test_independent_audit" name="test_module_dp_against_rational_exhaustive_oracle[lengths7-8.99-2]" time="0.002" /><testcase classname="tests.audit_v2.test_independent_audit" name="test_validator_rejects_forged_quality_metrics[effective_length_mm-1000000000000]" time="0.172" /><testcase classname="tests.audit_v2.test_independent_audit" name="test_validator_rejects_forged_quality_metrics[footprint_density-0.99]" time="0.190" /><testcase classname="tests.audit_v2.test_independent_audit" name="test_validator_rejects_nonexistent_neighbor_and_fake_clearance" time="0.169" /><testcase classname="tests.audit_v2.test_independent_audit" name="test_validator_rejects_structural_tampering[module_template]" time="0.132" /><testcase classname="tests.audit_v2.test_independent_audit" name="test_validator_rejects_structural_tampering[wall_rules]" time="0.148" /><testcase classname="tests.audit_v2.test_independent_audit" name="test_validator_rejects_structural_tampering[source]" time="0.154" /><testcase classname="tests.audit_v2.test_independent_audit" name="test_validator_rejects_structural_tampering[material_quantity]" time="0.208" /><testcase classname="tests.audit_v2.test_independent_audit" name="test_run_module_has_no_direct_io_or_reference_dependency" time="0.010" /><testcase classname="tests.audit_v2.test_obstacle_audit" name="test_independent_obstacle_shapes_are_safe_and_deterministic[column]" time="0.621" /><testcase classname="tests.audit_v2.test_obstacle_audit" name="test_independent_obstacle_shapes_are_safe_and_deterministic[wall]" time="0.646" /><testcase classname="tests.audit_v2.test_obstacle_audit" name="test_independent_obstacle_shapes_are_safe_and_deterministic[diagonal_wall]" time="0.618" /><testcase classname="tests.audit_v2.test_obstacle_audit" name="test_independent_obstacle_shapes_are_safe_and_deterministic[hole]" time="0.679" /><testcase classname="tests.audit_v2.test_obstacle_audit" name="test_independent_obstacle_shapes_are_safe_and_deterministic[entrance]" time="0.601" /><testcase classname="tests.audit_v2.test_obstacle_audit" name="test_independent_obstacle_shapes_are_safe_and_deterministic[concave]" time="0.426" /><testcase classname="tests.audit_v2.test_obstacle_audit" name="test_independent_obstacle_shapes_are_safe_and_deterministic[combined]" time="0.875" /><testcase classname="tests.audit_v2.test_obstacle_audit" name="test_obstacles_at_large_translated_coordinates[diagonal_wall]" time="0.572" /><testcase classname="tests.audit_v2.test_obstacle_audit" name="test_obstacles_at_large_translated_coordinates[hole]" time="0.552" /><testcase classname="tests.audit_v2.test_obstacle_audit" name="test_obstacles_at_large_translated_coordinates[combined]" time="0.666" /><testcase classname="tests.audit_v2.test_obstacle_audit" name="test_wall_end_corridor_with_distinct_boundary_and_wall_clearance" time="0.279" /><testcase classname="tests.audit_v2.test_obstacle_audit" name="test_middle_short_fragment_is_discarded_without_losing_valid_sides" time="0.107" /><testcase classname="tests.audit_v2.test_obstacle_audit" name="test_negative_rules_rejected_at_algorithm_boundary[True-aisle_width_mm]" time="0.001" /><testcase classname="tests.audit_v2.test_obstacle_audit" name="test_negative_rules_rejected_at_algorithm_boundary[True-boundary_clearance_mm]" time="0.001" /><testcase classname="tests.audit_v2.test_obstacle_audit" name="test_negative_rules_rejected_at_algorithm_boundary[True-wall_clearance_mm]" time="0.001" /><testcase classname="tests.audit_v2.test_obstacle_audit" name="test_negative_rules_rejected_at_algorithm_boundary[True-end_aisle_mm]" time="0.001" /><testcase classname="tests.audit_v2.test_obstacle_audit" name="test_negative_rules_rejected_at_algorithm_boundary[False-aisle_width_mm]" time="0.001" /><testcase classname="tests.audit_v2.test_obstacle_audit" name="test_negative_rules_rejected_at_algorithm_boundary[False-boundary_clearance_mm]" time="0.001" /><testcase classname="tests.audit_v2.test_obstacle_audit" name="test_negative_rules_rejected_at_algorithm_boundary[False-wall_clearance_mm]" time="0.001" /><testcase classname="tests.audit_v2.test_obstacle_audit" name="test_negative_rules_rejected_at_algorithm_boundary[False-end_aisle_mm]" time="0.001" /><testcase classname="tests.audit_v2.test_obstacle_audit" name="test_invalid_obstacle_geometry_is_rejected_explicitly[empty_boundary]" time="0.001" /><testcase classname="tests.audit_v2.test_obstacle_audit" name="test_invalid_obstacle_geometry_is_rejected_explicitly[empty_hole]" time="0.001" /><testcase classname="tests.audit_v2.test_obstacle_audit" name="test_invalid_obstacle_geometry_is_rejected_explicitly[self_crossing_hole]" time="0.002" /><testcase classname="tests.audit_v2.test_obstacle_audit" name="test_invalid_obstacle_geometry_is_rejected_explicitly[hole_outside]" time="0.001" /><testcase classname="tests.audit_v2.test_obstacle_audit" name="test_invalid_obstacle_geometry_is_rejected_explicitly[empty_zone_hole]" time="0.001" /><testcase classname="tests.audit_v2.test_obstacle_audit" name="test_invalid_obstacle_geometry_is_rejected_explicitly[self_crossing_zone]" time="0.001" /><testcase classname="tests.audit_v2.test_obstacle_audit" name="test_invalid_obstacle_geometry_is_rejected_explicitly[zero_wall]" time="0.001" /><testcase classname="tests.audit_v2.test_product_audit" name="test_mixed_explicit_dimensions_capacities_and_input_permutation" time="0.001" /><testcase classname="tests.audit_v2.test_product_audit" name="test_unassigned_reasons_match_independent_single_constraint_cases[no_levels-NO_LEVELS]" time="0.001" /><testcase classname="tests.audit_v2.test_product_audit" name="test_unassigned_reasons_match_independent_single_constraint_cases[category-CATEGORY_MISMATCH]" time="0.001" /><testcase classname="tests.audit_v2.test_product_audit" name="test_unassigned_reasons_match_independent_single_constraint_cases[height-TOO_HIGH]" time="0.002" /><testcase classname="tests.audit_v2.test_product_audit" name="test_unassigned_reasons_match_independent_single_constraint_cases[depth-TOO_DEEP]" time="0.001" /><testcase classname="tests.audit_v2.test_product_audit" name="test_unassigned_reasons_match_independent_single_constraint_cases[width-TOO_WIDE_FOR_MINIMUM_FACINGS]" time="0.001" /><testcase classname="tests.audit_v2.test_product_audit" name="test_unassigned_reasons_match_independent_single_constraint_cases[facings-TOO_WIDE_FOR_MINIMUM_FACINGS]" time="0.001" /><testcase classname="tests.audit_v2.test_product_audit" name="test_unassigned_reasons_match_independent_single_constraint_cases[occupied-CAPACITY_EXHAUSTED]" time="0.002" /><testcase classname="tests.audit_v2.test_product_audit" name="test_rotation_permission_changes_physical_feasibility[FIXED-False]" time="0.001" /><testcase classname="tests.audit_v2.test_product_audit" name="test_rotation_permission_changes_physical_feasibility[ALLOW_XY_SWAP-True]" time="0.001" /><testcase classname="tests.audit_v2.test_product_audit" name="test_synthetic_validator_rejects_corrupt_deliverable[overlap]" time="0.002" /><testcase classname="tests.audit_v2.test_product_audit" name="test_synthetic_validator_rejects_corrupt_deliverable[duplicate]" time="0.002" /><testcase classname="tests.audit_v2.test_product_audit" name="test_synthetic_validator_rejects_corrupt_deliverable[missing]" time="0.001" /><testcase classname="tests.audit_v2.test_product_audit" name="test_synthetic_validator_rejects_corrupt_deliverable[false_reason]" time="0.001" /><testcase classname="tests.audit_v2.test_product_audit" name="test_synthetic_validator_rejects_corrupt_deliverable[height]" time="0.001" /><testcase classname="tests.audit_v2.test_product_audit" name="test_synthetic_validator_rejects_corrupt_deliverable[fake_usage]" time="0.001" /><testcase classname="tests.audit_v2.test_product_audit" name="test_synthetic_inputs_fail_explicitly[duplicate_product]" time="0.000" /><testcase classname="tests.audit_v2.test_product_audit" name="test_synthetic_inputs_fail_explicitly[duplicate_level]" time="0.000" /><testcase classname="tests.audit_v2.test_product_audit" name="test_synthetic_inputs_fail_explicitly[negative_width]" time="0.001" /><testcase classname="tests.audit_v2.test_product_audit" name="test_synthetic_inputs_fail_explicitly[negative_level]" time="0.001" /><testcase classname="tests.audit_v2.test_product_audit" name="test_synthetic_inputs_fail_explicitly[empty_id]" time="0.001" /><testcase classname="tests.audit_v2.test_product_audit" name="test_category_zones_are_exact_rack_unions_not_store_boxes_and_no_name_inference" time="0.184" /><testcase classname="tests.audit_v2.test_product_audit" name="test_authorized_real_product_catalog_preserves_records_and_unknown_physical_data" time="0.000"><skipped type="pytest.skip" message="Real L3 product workbook was not migrated; original integration assertion preserved.">C:\D\汉斯\secondunderstand\tests\audit_v2\test_product_audit.py:192: Real L3 product workbook was not migrated; original integration assertion preserved.</skipped></testcase><testcase classname="tests.audit_v2.test_product_audit" name="test_products_module_has_no_io_reference_dependency_or_name_dimension_parsing" time="0.010" /><testcase classname="tests.delivery.test_delivery.DeliveryTests" name="test_http_upload_error_status_and_restart" time="0.095" /><testcase classname="tests.delivery.test_delivery.DeliveryTests" name="test_provenance_and_approved_template" time="0.001" /><testcase classname="tests.delivery.test_delivery.DeliveryTests" name="test_reject_bom_mismatch" time="0.001" /><testcase classname="tests.delivery.test_delivery.DeliveryTests" name="test_reject_spec_and_id_mismatch" time="0.001" /><testcase classname="tests.delivery.test_delivery.DeliveryTests" name="test_reject_unsafe_validation" time="0.001" /><testcase classname="tests.delivery.test_delivery.DeliveryTests" name="test_workbook_actual_values_and_no_formula_injection" time="0.021" /><testcase classname="tests.local_runtime.test_local_runtime" name="test_stop_ignores_foreign_or_stale_owner[True-False-False]" time="0.008" /><testcase classname="tests.local_runtime.test_local_runtime" name="test_stop_ignores_foreign_or_stale_owner[False-True-False]" time="0.009" /><testcase classname="tests.local_runtime.test_local_runtime" name="test_stop_ignores_foreign_or_stale_owner[False-False-True]" time="0.008" /><testcase classname="tests.local_runtime.test_local_runtime" name="test_stop_request_binds_verified_run" time="0.007" /><testcase classname="tests.local_runtime.test_local_runtime" name="test_confirmation_integrity_with_synthetic_business_and_isolated_key" time="0.012" /><testcase classname="tests.planning.test_planning" name="test_repeatable_hash_and_configured_bom" time="0.393" /><testcase classname="tests.planning.test_planning" name="test_hole_wall_exclusion_and_conservative_clearance" time="0.324" /><testcase classname="tests.planning.test_planning" name="test_disconnected_navigation_uses_one_component_without_inventing_entrance" time="0.133" /><testcase classname="tests.planning.test_planning" name="test_final_validation_rejects_tampered_results[outside]" time="0.319" /><testcase classname="tests.planning.test_planning" name="test_final_validation_rejects_tampered_results[overlap]" time="0.210" /><testcase classname="tests.planning.test_planning" name="test_final_validation_rejects_tampered_results[aisle]" time="0.209" /><testcase classname="tests.planning.test_planning" name="test_final_validation_rejects_tampered_results[rotation]" time="0.229" /><testcase classname="tests.planning.test_planning" name="test_final_validation_rejects_tampered_results[dimensions]" time="0.221" /><testcase classname="tests.planning.test_planning" name="test_final_validation_rejects_tampered_results[levels]" time="0.188" /><testcase classname="tests.planning.test_planning" name="test_final_validation_rejects_tampered_results[bom]" time="0.220" /><testcase classname="tests.planning.test_planning" name="test_final_validation_rejects_tampered_results[identity]" time="0.204" /><testcase classname="tests.planning.test_planning" name="test_final_validation_rejects_tampered_results[fake_footprint]" time="0.184" /><testcase classname="tests.planning.test_planning" name="test_invalid_standard_input_fails_closed[unclosed]" time="0.002" /><testcase classname="tests.planning.test_planning" name="test_invalid_standard_input_fails_closed[bowtie]" time="0.002" /><testcase classname="tests.planning.test_planning" name="test_invalid_standard_input_fails_closed[outside_hole]" time="0.002" /><testcase classname="tests.planning.test_planning" name="test_invalid_standard_input_fails_closed[zero_wall]" time="0.002" /><testcase classname="tests.planning.test_planning" name="test_invalid_standard_input_fails_closed[duplicate_template]" time="0.002" /><testcase classname="tests.planning.test_planning" name="test_invalid_standard_input_fails_closed[bad_product_count]" time="0.002" /><testcase classname="tests.planning.test_planning" name="test_too_small_scope_and_full_exclusion_fail" time="0.003" /><testcase classname="tests.planning.test_planning" name="test_api_contract_health_success_and_failure" time="0.210" /><testcase classname="tests.planning.test_planning" name="test_navigation_arc_chords_never_underestimate_true_clearance" time="0.066" /><testcase classname="tests.planning_m09.independent.test_input_identity" name="test_missing_or_false_explicit_origin_is_rejected[input_kind-None]" time="0.015" /><testcase classname="tests.planning_m09.independent.test_input_identity" name="test_missing_or_false_explicit_origin_is_rejected[input_kind-]" time="0.001" /><testcase classname="tests.planning_m09.independent.test_input_identity" name="test_missing_or_false_explicit_origin_is_rejected[input_kind-CONFIRMED]" time="0.001" /><testcase classname="tests.planning_m09.independent.test_input_identity" name="test_missing_or_false_explicit_origin_is_rejected[name-None]" time="0.001" /><testcase classname="tests.planning_m09.independent.test_input_identity" name="test_missing_or_false_explicit_origin_is_rejected[name-]" time="0.001" /><testcase classname="tests.planning_m09.independent.test_input_identity" name="test_missing_or_false_explicit_origin_is_rejected[space-None]" time="0.001" /><testcase classname="tests.planning_m09.independent.test_input_identity" name="test_missing_or_false_explicit_origin_is_rejected[templates-None]" time="0.001" /><testcase classname="tests.planning_m09.independent.test_input_identity" name="test_missing_or_false_explicit_origin_is_rejected[templates-value7]" time="0.000" /><testcase classname="tests.planning_m09.independent.test_input_identity" name="test_claimed_cad_confirmation_cannot_be_injected_into_explicit_input[root-source-value0]" time="0.001" /><testcase classname="tests.planning_m09.independent.test_input_identity" name="test_claimed_cad_confirmation_cannot_be_injected_into_explicit_input[root-confirmation-value1]" time="0.001" /><testcase classname="tests.planning_m09.independent.test_input_identity" name="test_claimed_cad_confirmation_cannot_be_injected_into_explicit_input[root-user_confirmed-True]" time="0.001" /><testcase classname="tests.planning_m09.independent.test_input_identity" name="test_claimed_cad_confirmation_cannot_be_injected_into_explicit_input[space-confirmation-value3]" time="0.001" /><testcase classname="tests.planning_m09.independent.test_input_identity" name="test_claimed_cad_confirmation_cannot_be_injected_into_explicit_input[space-source_evidence-value4]" time="0.001" /><testcase classname="tests.planning_m09.independent.test_input_identity" name="test_explicit_request_is_marked_algorithm_only_and_is_not_signed" time="0.001" /><testcase classname="tests.planning_m09.independent.test_input_identity" name="test_existing_cad_planning_endpoint_rejects_algorithm_identity" time="0.007" /><testcase classname="tests.planning_m09.independent.test_search" name="test_fixed_inputs_have_complete_safe_instances_and_do_not_lose_baseline_length[medium]" time="0.409" /><testcase classname="tests.planning_m09.independent.test_search" name="test_fixed_inputs_have_complete_safe_instances_and_do_not_lose_baseline_length[square]" time="0.254" /><testcase classname="tests.planning_m09.independent.test_search" name="test_fixed_inputs_have_complete_safe_instances_and_do_not_lose_baseline_length[long]" time="0.277" /><testcase classname="tests.planning_m09.independent.test_search" name="test_fixed_inputs_have_complete_safe_instances_and_do_not_lose_baseline_length[column]" time="0.511" /><testcase classname="tests.planning_m09.independent.test_search" name="test_fixed_inputs_have_complete_safe_instances_and_do_not_lose_baseline_length[edge_block]" time="0.285" /><testcase classname="tests.planning_m09.independent.test_search" name="test_fixed_inputs_have_complete_safe_instances_and_do_not_lose_baseline_length[entrance]" time="0.384" /><testcase classname="tests.planning_m09.independent.test_search" name="test_fixed_inputs_have_complete_safe_instances_and_do_not_lose_baseline_length[concave]" time="0.315" /><testcase classname="tests.planning_m09.independent.test_search" name="test_original_generator_still_reproduces_the_frozen_before_layout[medium]" time="0.110" /><testcase classname="tests.planning_m09.independent.test_search" name="test_original_generator_still_reproduces_the_frozen_before_layout[square]" time="0.135" /><testcase classname="tests.planning_m09.independent.test_search" name="test_original_generator_still_reproduces_the_frozen_before_layout[long]" time="0.183" /><testcase classname="tests.planning_m09.independent.test_search" name="test_original_generator_still_reproduces_the_frozen_before_layout[column]" time="0.204" /><testcase classname="tests.planning_m09.independent.test_search" name="test_original_generator_still_reproduces_the_frozen_before_layout[edge_block]" time="0.162" /><testcase classname="tests.planning_m09.independent.test_search" name="test_original_generator_still_reproduces_the_frozen_before_layout[entrance]" time="0.158" /><testcase classname="tests.planning_m09.independent.test_search" name="test_original_generator_still_reproduces_the_frozen_before_layout[concave]" time="0.085" /><testcase classname="tests.planning_m09.independent.test_search" name="test_column_average_modules_is_not_a_reason_to_discard_existing_safe_length" time="0.225" /><testcase classname="tests.planning_m09.independent.test_search" name="test_entrance_average_improves_when_a_safe_row_is_dropped_but_search_must_not_accept_the_loss" time="0.055" /><testcase classname="tests.planning_m09.independent.test_search" name="test_repeated_input_is_exactly_deterministic_and_does_not_change_facts[medium]" time="0.247" /><testcase classname="tests.planning_m09.independent.test_search" name="test_repeated_input_is_exactly_deterministic_and_does_not_change_facts[column]" time="0.323" /><testcase classname="tests.planning_m09.independent.test_search" name="test_repeated_input_is_exactly_deterministic_and_does_not_change_facts[entrance]" time="0.196" /><testcase classname="tests.planning_m09.independent.test_search" name="test_template_order_changes_no_physical_choice[medium]" time="0.278" /><testcase classname="tests.planning_m09.independent.test_search" name="test_template_order_changes_no_physical_choice[column]" time="0.576" /><testcase classname="tests.planning_m09.independent.test_search" name="test_template_order_changes_no_physical_choice[entrance]" time="0.227" /><testcase classname="tests.planning_m09.independent.test_search" name="test_geometry_translation_preserves_physical_design[medium]" time="0.241" /><testcase classname="tests.planning_m09.independent.test_search" name="test_geometry_translation_preserves_physical_design[column]" time="0.309" /><testcase classname="tests.planning_m09.independent.test_search" name="test_geometry_translation_preserves_physical_design[entrance]" time="0.415" /><testcase classname="tests.planning_m09.independent.test_search" name="test_search_performs_no_file_reads_after_receiving_explicit_standard_data" time="0.247" /><testcase classname="tests.planning_m09.independent.test_search" name="test_selected_layout_cannot_hide_a_corrupted_footprint_or_material_list[footprint]" time="0.002" /><testcase classname="tests.planning_m09.independent.test_search" name="test_selected_layout_cannot_hide_a_corrupted_footprint_or_material_list[count]" time="0.015" /><testcase classname="tests.planning_m09.independent.test_search" name="test_selected_layout_cannot_hide_a_corrupted_footprint_or_material_list[levels]" time="0.014" /><testcase classname="tests.planning_m09.independent.test_search" name="test_final_validation_failure_falls_back_to_a_rechecked_safe_candidate" time="0.469" /><testcase classname="tests.planning_m09.independent.test_search" name="test_no_layout_is_returned_when_every_final_validation_fails" time="0.386" /><testcase classname="tests.planning_m09.independent.test_segment_alignment" name="test_column_aligns_outer_endpoints_without_losing_any_previous_metric" time="0.671" /><testcase classname="tests.planning_m09.independent.test_segment_alignment" name="test_rotated_obstacle_space_uses_its_own_neighbor_endpoints" time="0.321" /><testcase classname="tests.planning_m09.independent.test_segment_alignment" name="test_unsafe_alignment_is_rejected_and_keeps_the_previous_safe_winner" time="0.300" /><testcase classname="tests.planning_m09.test_browser" name="test_fixed_space_from_page_to_two_dimensional_comparison[medium]" time="0.000"><skipped type="pytest.skip" message="Original L3 8100-8102 acceptance; this project uses isolated ports.">C:\D\汉斯\secondunderstand\tests\planning_m09\test_browser.py:98: Original L3 8100-8102 acceptance; this project uses isolated ports.</skipped></testcase><testcase classname="tests.planning_m09.test_browser" name="test_fixed_space_from_page_to_two_dimensional_comparison[square]" time="0.000"><skipped type="pytest.skip" message="Original L3 8100-8102 acceptance; this project uses isolated ports.">C:\D\汉斯\secondunderstand\tests\planning_m09\test_browser.py:98: Original L3 8100-8102 acceptance; this project uses isolated ports.</skipped></testcase><testcase classname="tests.planning_m09.test_browser" name="test_fixed_space_from_page_to_two_dimensional_comparison[long]" time="0.001"><skipped type="pytest.skip" message="Original L3 8100-8102 acceptance; this project uses isolated ports.">C:\D\汉斯\secondunderstand\tests\planning_m09\test_browser.py:98: Original L3 8100-8102 acceptance; this project uses isolated ports.</skipped></testcase><testcase classname="tests.planning_m09.test_browser" name="test_fixed_space_from_page_to_two_dimensional_comparison[column]" time="0.000"><skipped type="pytest.skip" message="Original L3 8100-8102 acceptance; this project uses isolated ports.">C:\D\汉斯\secondunderstand\tests\planning_m09\test_browser.py:98: Original L3 8100-8102 acceptance; this project uses isolated ports.</skipped></testcase><testcase classname="tests.planning_m09.test_browser" name="test_fixed_space_from_page_to_two_dimensional_comparison[edge_block]" time="0.000"><skipped type="pytest.skip" message="Original L3 8100-8102 acceptance; this project uses isolated ports.">C:\D\汉斯\secondunderstand\tests\planning_m09\test_browser.py:98: Original L3 8100-8102 acceptance; this project uses isolated ports.</skipped></testcase><testcase classname="tests.planning_m09.test_browser" name="test_fixed_space_from_page_to_two_dimensional_comparison[entrance]" time="0.000"><skipped type="pytest.skip" message="Original L3 8100-8102 acceptance; this project uses isolated ports.">C:\D\汉斯\secondunderstand\tests\planning_m09\test_browser.py:98: Original L3 8100-8102 acceptance; this project uses isolated ports.</skipped></testcase><testcase classname="tests.planning_m09.test_browser" name="test_fixed_space_from_page_to_two_dimensional_comparison[concave]" time="0.001"><skipped type="pytest.skip" message="Original L3 8100-8102 acceptance; this project uses isolated ports.">C:\D\汉斯\secondunderstand\tests\planning_m09\test_browser.py:98: Original L3 8100-8102 acceptance; this project uses isolated ports.</skipped></testcase><testcase classname="tests.planning_m09.test_browser" name="test_repeated_generation_and_scene_change_do_not_show_stale_result" time="0.000"><skipped type="pytest.skip" message="Original L3 8100-8102 acceptance; this project uses isolated ports.">C:\D\汉斯\secondunderstand\tests\planning_m09\test_browser.py:150: Original L3 8100-8102 acceptance; this project uses isolated ports.</skipped></testcase><testcase classname="tests.planning_m09.test_explicit_services" name="test_http_explicit_input_needs_no_cad_or_signing" time="1.545" /><testcase classname="tests.planning_m09.test_explicit_services" name="test_invalid_geometry_and_no_fit_are_not_promoted_to_ready" time="0.011" /><testcase classname="tests.planning_m09.test_explicit_services" name="test_old_search_failure_does_not_hide_safe_alternative" time="0.421" /><testcase classname="tests.planning_m09.test_explicit_services" name="test_delivery_page_and_only_planning_service_needed" time="1.398" /><testcase classname="tests.planning_m09.test_explicit_services" name="test_delivery_rejects_mismatched_result[source]" time="0.664" /><testcase classname="tests.planning_m09.test_explicit_services" name="test_delivery_rejects_mismatched_result[bom]" time="0.801" /><testcase classname="tests.planning_m09.test_explicit_services" name="test_optimized_modules_accept_existing_product_and_workbook_pipeline" time="0.000"><skipped type="pytest.skip" message="Real L3 product workbook was not migrated; original integration assertion preserved.">C:\D\汉斯\secondunderstand\tests\planning_m09\test_explicit_services.py:113: Real L3 product workbook was not migrated; original integration assertion preserved.</skipped></testcase><testcase classname="tests.planning_m10.test_operations_independent.IndependentOperationsReview" name="test_actual_main_fixture_has_distinct_modules_bays_runs_and_all_faces" time="1.813" /><testcase classname="tests.planning_m10.test_operations_independent.IndependentOperationsReview" name="test_bom_and_nominal_space_cannot_stand_in_for_procurement_capacity" time="0.206" /><testcase classname="tests.planning_m10.test_operations_independent.IndependentOperationsReview" name="test_correct_task_total_cannot_hide_false_per_leg_witnesses" time="1.125" /><testcase classname="tests.planning_m10.test_operations_independent.IndependentOperationsReview" name="test_displayed_graph_entrance_diagnostics_and_shared_segments_are_recomputed" time="8.988" /><testcase classname="tests.planning_m10.test_operations_independent.IndependentOperationsReview" name="test_fail_or_partial_evaluation_cannot_be_sealed" time="9.990" /><testcase classname="tests.planning_m10.test_operations_independent.IndependentOperationsReview" name="test_final_candidate_pool_requires_corridor_first_and_keeps_structure_comparison" time="18.983" /><testcase classname="tests.planning_m10.test_operations_independent.IndependentOperationsReview" name="test_final_seal_rechecks_each_frozen_space_floor" time="3.495" /><testcase classname="tests.planning_m10.test_operations_independent.IndependentOperationsReview" name="test_fixed_tasks_and_items_cannot_be_deleted_to_improve_mean" time="3.341" /><testcase classname="tests.planning_m10.test_operations_independent.IndependentOperationsReview" name="test_fractional_depths_have_unique_reviewable_candidate_identities" time="8.674" /><testcase classname="tests.planning_m10.test_operations_independent.IndependentOperationsReview" name="test_measured_effective_length_uses_reachable_faces" time="0.018" /><testcase classname="tests.planning_m10.test_operations_independent.IndependentOperationsReview" name="test_pair_footprint_structure_depth_and_bay_count_cannot_be_forged" time="0.189" /><testcase classname="tests.planning_m10.test_operations_independent.IndependentOperationsReview" name="test_passing_structure_only_layout_still_cannot_be_sealed" time="0.306" /><testcase classname="tests.planning_m10.test_operations_independent.IndependentOperationsReview" name="test_real_hole_wall_and_reservation_survive_digest_rebinding" time="0.100" /><testcase classname="tests.planning_m10.test_operations_independent.IndependentOperationsReview" name="test_removed_or_inward_back_face_cannot_count_as_reachable" time="0.173" /><testcase classname="tests.planning_m10.test_operations_independent.IndependentOperationsReview" name="test_source_rule_and_workpoint_binding_prevents_quieter_rule_changes" time="0.038" /><testcase classname="tests.planning_m10.test_operations_independent.IndependentOperationsReview" name="test_subrule_aisle_fails_even_after_consistent_geometry_and_metrics_edit" time="0.063" /><testcase classname="tests.planning_m10.test_operations_independent.IndependentOperationsReview" name="test_unreachable_packing_point_keeps_every_task_and_prevents_seal" time="1.833" /><testcase classname="tests.planning_m10.test_operations_services" name="test_real_asgi_operations_bind_complete_input_and_all_tasks" time="2.501" /><testcase classname="tests.planning_m10.test_operations_services" name="test_operations_digest_includes_workpoints_demands_and_assumptions[workpoint]" time="0.002" /><testcase classname="tests.planning_m10.test_operations_services" name="test_operations_digest_includes_workpoints_demands_and_assumptions[task_order]" time="0.002" /><testcase classname="tests.planning_m10.test_operations_services" name="test_operations_digest_includes_workpoints_demands_and_assumptions[item_target]" time="0.001" /><testcase classname="tests.planning_m10.test_operations_services" name="test_operations_digest_includes_workpoints_demands_and_assumptions[structure_gap]" time="0.002" /><testcase classname="tests.planning_m10.test_operations_services" name="test_operations_digest_includes_workpoints_demands_and_assumptions[space_floor]" time="0.001" /><testcase classname="tests.planning_m10.test_operations_services" name="test_real_asgi_rejects_incomplete_or_invalid_operational_input[unknown_item]" time="0.007" /><testcase classname="tests.planning_m10.test_operations_services" name="test_real_asgi_rejects_incomplete_or_invalid_operational_input[dropped_replenishment_far]" time="0.006" /><testcase classname="tests.planning_m10.test_operations_services" name="test_real_asgi_rejects_incomplete_or_invalid_operational_input[duplicate_task]" time="0.005" /><testcase classname="tests.planning_m10.test_operations_services" name="test_real_asgi_rejects_incomplete_or_invalid_operational_input[changed_route_policy]" time="0.006" /><testcase classname="tests.planning_m10.test_operations_services" name="test_real_asgi_rejects_incomplete_or_invalid_operational_input[narrow_opening]" time="0.007" /><testcase classname="tests.planning_m10.test_operations_services" name="test_delivery_dispatches_complete_operations_payload" time="0.902" /><testcase classname="tests.planning_m10.test_operations_services" name="test_delivery_rejects_tampered_geometry_tasks_materials_or_route_comparison[digest]" time="0.097" /><testcase classname="tests.planning_m10.test_operations_services" name="test_delivery_rejects_tampered_geometry_tasks_materials_or_route_comparison[input_workpoint]" time="0.257" /><testcase classname="tests.planning_m10.test_operations_services" name="test_delivery_rejects_tampered_geometry_tasks_materials_or_route_comparison[input_task]" time="0.105" /><testcase classname="tests.planning_m10.test_operations_services" name="test_delivery_rejects_tampered_geometry_tasks_materials_or_route_comparison[layout_workpoint]" time="0.364" /><testcase classname="tests.planning_m10.test_operations_services" name="test_delivery_rejects_tampered_geometry_tasks_materials_or_route_comparison[bom_quantity]" time="0.231" /><testcase classname="tests.planning_m10.test_operations_services" name="test_delivery_rejects_tampered_geometry_tasks_materials_or_route_comparison[bom_level_total]" time="0.384" /><testcase classname="tests.planning_m10.test_operations_services" name="test_delivery_rejects_tampered_geometry_tasks_materials_or_route_comparison[missing_face]" time="0.234" /><testcase classname="tests.planning_m10.test_operations_services" name="test_delivery_rejects_tampered_geometry_tasks_materials_or_route_comparison[reported_route_metric]" time="0.882" /><testcase classname="tests.planning_m10.test_operations_services" name="test_delivery_rejects_tampered_geometry_tasks_materials_or_route_comparison[coordinated_route_metric]" time="0.550" /><testcase classname="tests.planning_m10.test_operations_services" name="test_delivery_rejects_tampered_geometry_tasks_materials_or_route_comparison[route_distance]" time="0.732" /><testcase classname="tests.planning_m10.test_operations_services" name="test_delivery_rejects_tampered_geometry_tasks_materials_or_route_comparison[dropped_pick_task]" time="0.637" /><testcase classname="tests.planning_m10.test_operations_services" name="test_delivery_rejects_tampered_geometry_tasks_materials_or_route_comparison[dropped_refill_task]" time="0.957" /><testcase classname="tests.planning_m10.test_operations_services" name="test_delivery_rejects_tampered_geometry_tasks_materials_or_route_comparison[selection_fixed_demand]" time="0.107" /><testcase classname="tests.planning_m10.test_operations_services" name="test_delivery_rejects_tampered_geometry_tasks_materials_or_route_comparison[baseline_coordinated_metric]" time="0.342" /><testcase classname="tests.planning_m10.test_operations_services" name="test_existing_m09_asgi_and_delivery_branch_remain_usable" time="0.184" /><testcase classname="tests.planning_m10.test_operations_services" name="test_existing_category_algorithm_preserves_new_layout_instances_and_bom" time="0.016" /><testcase classname="tests.planning_m10.test_operations_services" name="test_existing_workbook_accepts_operations_json_and_counts_modules_not_assemblies" time="0.066" /><testcase classname="tests.planning_m10.test_routes.RouteEvidenceTests" name="test_back_to_back_structure_gap_is_never_a_passage" time="0.187" /><testcase classname="tests.planning_m10.test_routes.RouteEvidenceTests" name="test_corridors_precede_shelves_and_include_all_workpoints" time="0.015" /><testcase classname="tests.planning_m10.test_routes.RouteEvidenceTests" name="test_entrance_change_recomputes_distance_without_reassigning_items" time="0.086" /><testcase classname="tests.planning_m10.test_routes.RouteEvidenceTests" name="test_exact_rule_width_and_both_assembly_sides_are_proven" time="0.207" /><testcase classname="tests.planning_m10.test_routes.RouteEvidenceTests" name="test_json_witness_is_serializable_and_repeatable" time="0.266" /><testcase classname="tests.planning_m10.test_routes.RouteEvidenceTests" name="test_missing_counted_module_face_and_subrule_gap_are_not_accepted" time="0.112" /><testcase classname="tests.planning_m10.test_routes.RouteEvidenceTests" name="test_multi_item_route_visits_every_fixed_position_once_in_policy" time="0.001" /><testcase classname="tests.planning_m10.test_routes.RouteEvidenceTests" name="test_opening_width_and_explicit_wall_attachment_are_required" time="0.050" /><testcase classname="tests.planning_m10.test_routes.RouteEvidenceTests" name="test_rotated_shelves_and_entrance_preserve_real_distance_units" time="0.166" /><testcase classname="tests.planning_m10.test_routes.RouteEvidenceTests" name="test_scope_hole_is_kept_out_of_every_real_path" time="0.781" /><testcase classname="tests.planning_m10.test_routes.RouteEvidenceTests" name="test_tampered_distance_and_wall_crossing_are_rejected" time="0.308" /><testcase classname="tests.planning_m10.test_routes.RouteEvidenceTests" name="test_tampered_order_and_summary_cannot_claim_better_fixed_tasks" time="0.244" /><testcase classname="tests.planning_m10.test_routes.RouteEvidenceTests" name="test_unreachable_face_keeps_all_tasks_and_nulls_comparable_metrics" time="0.018" /><testcase classname="tests.planning_m11.test_delivery" name="test_all_previous_visible_samples_now_have_explicit_outside_door_and_one_mode" time="0.024" /><testcase classname="tests.planning_m11.test_delivery" name="test_invalid_fixed_scene_is_configuration_error_not_cad_readiness" time="0.021" /><testcase classname="tests.planning_m11.test_delivery" name="test_one_planning_transport_and_same_input_m10_proof[None]" time="94.379" /><testcase classname="tests.planning_m11.test_delivery" name="test_one_planning_transport_and_same_input_m10_proof[outside-route]" time="4.649" /><testcase classname="tests.planning_m11.test_delivery" name="test_one_planning_transport_and_same_input_m10_proof[m10-input]" time="5.018" /><testcase classname="tests.planning_m11.test_door_routes.ExplicitDoorRoutes" name="test_actual_outside_origin_reaches_every_side_without_snapping" time="0.427" /><testcase classname="tests.planning_m11.test_door_routes.ExplicitDoorRoutes" name="test_actual_route_width_and_door_width_are_recomputed_and_tamper_rejected" time="0.633" /><testcase classname="tests.planning_m11.test_door_routes.ExplicitDoorRoutes" name="test_compact_end_corridor_removes_only_double_counted_rack_setback" time="0.082" /><testcase classname="tests.planning_m11.test_door_routes.ExplicitDoorRoutes" name="test_connection_region_must_hold_the_configured_transverse_width" time="0.158" /><testcase classname="tests.planning_m11.test_door_routes.ExplicitDoorRoutes" name="test_corridor_reservations_stay_inside_and_use_explicit_inside_anchor" time="0.238" /><testcase classname="tests.planning_m11.test_door_routes.ExplicitDoorRoutes" name="test_empty_physical_wall_evidence_does_not_turn_logical_scope_into_a_wall" time="0.131" /><testcase classname="tests.planning_m11.test_door_routes.ExplicitDoorRoutes" name="test_external_link_cannot_bypass_a_blocked_door_through_other_boundary_gaps" time="0.173" /><testcase classname="tests.planning_m11.test_door_routes.ExplicitDoorRoutes" name="test_legacy_digest_and_technical_routes_remain_explicitly_incomplete" time="0.420" /><testcase classname="tests.planning_m11.test_door_routes.ExplicitDoorRoutes" name="test_outside_point_cannot_be_replaced_by_an_inside_or_other_point" time="0.324" /><testcase classname="tests.planning_m11.test_door_routes.ExplicitDoorRoutes" name="test_sealing_same_door_entity_is_valid_input_but_blocks_outside_routes" time="0.169" /><testcase classname="tests.planning_m11.test_door_routes.ExplicitDoorRoutes" name="test_serialized_outside_witness_revalidates_and_physical_walls_are_not_cut" time="0.327" /><testcase classname="tests.planning_m11.test_integration_independent" name="test_all_old_geometry_fields_are_preserved_exactly[medium]" time="0.007" /><testcase classname="tests.planning_m11.test_integration_independent" name="test_all_old_geometry_fields_are_preserved_exactly[square]" time="0.008" /><testcase classname="tests.planning_m11.test_integration_independent" name="test_all_old_geometry_fields_are_preserved_exactly[long]" time="0.007" /><testcase classname="tests.planning_m11.test_integration_independent" name="test_all_old_geometry_fields_are_preserved_exactly[column]" time="0.007" /><testcase classname="tests.planning_m11.test_integration_independent" name="test_all_old_geometry_fields_are_preserved_exactly[edge_block]" time="0.007" /><testcase classname="tests.planning_m11.test_integration_independent" name="test_all_old_geometry_fields_are_preserved_exactly[entrance]" time="0.005" /><testcase classname="tests.planning_m11.test_integration_independent" name="test_all_old_geometry_fields_are_preserved_exactly[concave]" time="0.007" /><testcase classname="tests.planning_m11.test_integration_independent" name="test_all_old_tasks_floors_positions_and_rules_are_preserved_exactly[op-short]" time="0.010" /><testcase classname="tests.planning_m11.test_integration_independent" name="test_all_old_tasks_floors_positions_and_rules_are_preserved_exactly[op-long]" time="0.009" /><testcase classname="tests.planning_m11.test_integration_independent" name="test_all_old_tasks_floors_positions_and_rules_are_preserved_exactly[op-corner]" time="0.009" /><testcase classname="tests.planning_m11.test_integration_independent" name="test_all_old_tasks_floors_positions_and_rules_are_preserved_exactly[op-shared]" time="0.010" /><testcase classname="tests.planning_m11.test_integration_independent" name="test_all_old_tasks_floors_positions_and_rules_are_preserved_exactly[op-split]" time="0.009" /><testcase classname="tests.planning_m11.test_integration_independent" name="test_all_old_tasks_floors_positions_and_rules_are_preserved_exactly[op-square]" time="0.009" /><testcase classname="tests.planning_m11.test_integration_independent" name="test_all_old_tasks_floors_positions_and_rules_are_preserved_exactly[op-column]" time="0.009" /><testcase classname="tests.planning_m11.test_integration_independent" name="test_all_old_tasks_floors_positions_and_rules_are_preserved_exactly[op-holdout]" time="0.009" /><testcase classname="tests.planning_m11.test_integration_independent" name="test_all_old_tasks_floors_positions_and_rules_are_preserved_exactly[op-independent-holdout]" time="0.010" /><testcase classname="tests.planning_m11.test_integration_independent" name="test_missing_door_facts_are_local_configuration_errors[door_connection]" time="0.022" /><testcase classname="tests.planning_m11.test_integration_independent" name="test_missing_door_facts_are_local_configuration_errors[physical_perimeter_walls]" time="0.022" /><testcase classname="tests.planning_m11.test_integration_independent" name="test_missing_catalog_file_is_configuration_error_not_unhandled_500" time="0.019" /><testcase classname="tests.planning_m11.test_integration_independent" name="test_m10_adapter_changes_only_its_private_inside_construction_anchor" time="0.003" /><testcase classname="tests.planning_m11.test_integration_independent" name="test_frozen_m10_failure_has_no_layout_or_partially_averaged_measurements" time="0.002" /><testcase classname="tests.planning_m11.test_integration_independent" name="test_real_asgi_outside_door_fixture_retains_complete_evidence" time="8.474" /><testcase classname="tests.planning_m11.test_integration_independent" name="test_delivery_m10_null_layout_cannot_publish_fake_baseline_metrics[None]" time="1.402" /><testcase classname="tests.planning_m11.test_integration_independent" name="test_delivery_m10_null_layout_cannot_publish_fake_baseline_metrics[finite-measurements]" time="1.141" /><testcase classname="tests.planning_m11.test_integration_independent" name="test_delivery_m10_null_layout_cannot_publish_fake_baseline_metrics[available-status]" time="1.390" /><testcase classname="tests.planning_m11.test_integration_independent" name="test_delivery_m10_null_layout_cannot_publish_fake_baseline_metrics[missing-error]" time="1.216" /><testcase classname="tests.planning_m11.test_integration_independent" name="test_new_outside_door_layout_preserves_module_and_assembly_workbook_counts" time="0.063" /><testcase classname="tests.planning_m11.test_layout_frontage.FrontageIntervals" name="test_already_clear_short_entry_keeps_exact_modules_faces_and_bom" time="2.112" /><testcase classname="tests.planning_m11.test_layout_frontage.FrontageIntervals" name="test_forged_face_and_interval_metadata_are_independently_rejected" time="0.140" /><testcase classname="tests.planning_m11.test_layout_frontage.FrontageIntervals" name="test_obstacle_outside_rack_strip_cannot_consume_pick_standing_space" time="0.007" /><testcase classname="tests.planning_m11.test_layout_frontage.FrontageIntervals" name="test_real_wall_evidence_and_full_door_proof_cannot_be_replaced_by_scope_line" time="0.028" /><testcase classname="tests.planning_m11.test_layout_frontage.FrontageIntervals" name="test_recovered_candidate_preserves_fixed_tasks_rules_and_both_floors" time="3.047" /><testcase classname="tests.planning_m11.test_layout_frontage.FrontageIntervals" name="test_width_sections_are_opposing_clear_front_spans_not_diagonal_distances" time="0.014" /><testcase classname="tests.planning_m11.test_layout_frontage.MixedWallDirections" name="test_all_wall_directions_remain_sourced_with_clearance_and_complete_faces" time="8.390" /><testcase classname="tests.planning_m11.test_layout_frontage.MixedWallDirections" name="test_explicit_main_axis_is_validated_when_first_wall_is_perpendicular" time="2.371" /><testcase classname="tests.planning_m11.test_layout_frontage.MixedWallDirections" name="test_greater_wall_clearance_is_preserved_in_layout_and_front_loop" time="0.292" /><testcase classname="tests.planning_m11.test_layout_frontage.ResidualCentralSingle" name="test_extra_single_back_aisle_has_full_opposing_pick_service" time="0.782" /><testcase classname="tests.planning_m11.test_layout_frontage.ResidualCentralSingle" name="test_geometric_residue_really_fits_one_single_but_not_another_complete_pair" time="5.104" /><testcase classname="tests.planning_m11.test_layout_frontage.ResidualCentralSingle" name="test_no_residual_branch_without_room_and_no_forged_width_explanation" time="0.244" /><testcase classname="tests.planning_m11.test_scope_tolerance" name="test_unknown_or_rough_frame_cannot_enter_tolerance[0]" time="0.001" /><testcase classname="tests.planning_m11.test_scope_tolerance" name="test_unknown_or_rough_frame_cannot_enter_tolerance[ROUGH_FRAME]" time="0.001" /><testcase classname="tests.planning_m11.test_scope_tolerance" name="test_unknown_or_rough_frame_cannot_enter_tolerance[DEFPOINTS]" time="0.001" /><testcase classname="tests.planning_m11.test_scope_tolerance" name="test_unknown_or_rough_frame_cannot_enter_tolerance[WALL]" time="0.001" /><testcase classname="tests.planning_m11.test_scope_tolerance" name="test_closure_is_logical_and_keeps_raw_points[False-False]" time="0.005" /><testcase classname="tests.planning_m11.test_scope_tolerance" name="test_closure_is_logical_and_keeps_raw_points[False-True]" time="0.004" /><testcase classname="tests.planning_m11.test_scope_tolerance" name="test_closure_is_logical_and_keeps_raw_points[True-False]" time="0.003" /><testcase classname="tests.planning_m11.test_scope_tolerance" name="test_duplicate_vertices_and_segments_are_audited_without_filling_hole" time="0.010" /><testcase classname="tests.planning_m11.test_scope_tolerance" name="test_local_snap_is_bounded_and_deterministic[points0]" time="0.011" /><testcase classname="tests.planning_m11.test_scope_tolerance" name="test_local_snap_is_bounded_and_deterministic[points1]" time="0.008" /><testcase classname="tests.planning_m11.test_scope_tolerance" name="test_nearby_vertex_chain_cannot_grow_the_tolerance" time="0.004" /><testcase classname="tests.planning_m11.test_scope_tolerance" name="test_local_point_to_segment_snap_is_noded_and_deduplicated" time="0.008" /><testcase classname="tests.planning_m11.test_scope_tolerance" name="test_multiple_substantial_regions_never_select_largest[points0]" time="0.002" /><testcase classname="tests.planning_m11.test_scope_tolerance" name="test_multiple_substantial_regions_never_select_largest[points1]" time="0.002" /><testcase classname="tests.planning_m11.test_scope_tolerance" name="test_long_thin_spur_cannot_be_erased_as_small_area_noise" time="0.004" /><testcase classname="tests.planning_m11.test_scope_tolerance" name="test_even_sub_mm_hole_cannot_be_filled_by_vertex_snap" time="0.004" /><testcase classname="tests.planning_m11.test_scope_tolerance" name="test_real_prepare_accepts_explicit_unflagged_ring_and_signs_evidence[LWPOLYLINE]" time="0.035"><failure message="AssertionError: {&quot;detail&quot;:{&quot;code&quot;:&quot;SOURCE_CLASSIFICATION_MISSING&quot;,&quot;message&quot;:&quot;项目数据分类清单缺失或不可读。&quot;}}&#10;assert 422 == 200&#10; +  where 422 = &lt;Response [422 Unprocessable Entity]&gt;.status_code">client = &lt;starlette.testclient.TestClient object at 0x000001556A371A30&gt;
kind = 'LWPOLYLINE'

    @pytest.mark.parametrize('kind', ['LWPOLYLINE', 'POLYLINE'])
    def test_real_prepare_accepts_explicit_unflagged_ring_and_signs_evidence(client, kind):
        doc, source = cad(kind=kind, explicit_hole=True)
        raw = encoded(doc)
        response = client.post('/prepare', files={'file': ('SYNTHETIC-M11-SCOPE.dxf', raw, 'application/dxf')})
&gt;       assert response.status_code == 200, response.text
E       AssertionError: {"detail":{"code":"SOURCE_CLASSIFICATION_MISSING","message":"项目数据分类清单缺失或不可读。"}}
E       assert 422 == 200
E        +  where 422 = &lt;Response [422 Unprocessable Entity]&gt;.status_code

tests\planning_m11\test_scope_tolerance.py:170: AssertionError</failure></testcase><testcase classname="tests.planning_m11.test_scope_tolerance" name="test_real_prepare_accepts_explicit_unflagged_ring_and_signs_evidence[POLYLINE]" time="0.030"><failure message="AssertionError: {&quot;detail&quot;:{&quot;code&quot;:&quot;SOURCE_CLASSIFICATION_MISSING&quot;,&quot;message&quot;:&quot;项目数据分类清单缺失或不可读。&quot;}}&#10;assert 422 == 200&#10; +  where 422 = &lt;Response [422 Unprocessable Entity]&gt;.status_code">client = &lt;starlette.testclient.TestClient object at 0x00000155656AF050&gt;
kind = 'POLYLINE'

    @pytest.mark.parametrize('kind', ['LWPOLYLINE', 'POLYLINE'])
    def test_real_prepare_accepts_explicit_unflagged_ring_and_signs_evidence(client, kind):
        doc, source = cad(kind=kind, explicit_hole=True)
        raw = encoded(doc)
        response = client.post('/prepare', files={'file': ('SYNTHETIC-M11-SCOPE.dxf', raw, 'application/dxf')})
&gt;       assert response.status_code == 200, response.text
E       AssertionError: {"detail":{"code":"SOURCE_CLASSIFICATION_MISSING","message":"项目数据分类清单缺失或不可读。"}}
E       assert 422 == 200
E        +  where 422 = &lt;Response [422 Unprocessable Entity]&gt;.status_code

tests\planning_m11\test_scope_tolerance.py:170: AssertionError</failure></testcase><testcase classname="tests.planning_m11.test_scope_tolerance" name="test_prepare_preserves_both_implicit_and_explicit_source_holes" time="0.024"><failure message="AssertionError: {&quot;detail&quot;:{&quot;code&quot;:&quot;SOURCE_CLASSIFICATION_MISSING&quot;,&quot;message&quot;:&quot;项目数据分类清单缺失或不可读。&quot;}}&#10;assert 422 == 200&#10; +  where 422 = &lt;Response [422 Unprocessable Entity]&gt;.status_code">client = &lt;starlette.testclient.TestClient object at 0x00000155656AD070&gt;

    def test_prepare_preserves_both_implicit_and_explicit_source_holes(client):
        doc, _ = cad([HOLE_BRIDGE[0], *HOLE_BRIDGE], explicit_hole=True)
&gt;       result = upload(client, doc)
                 ^^^^^^^^^^^^^^^^^^^

tests\planning_m11\test_scope_tolerance.py:189: 
_ _ _ _ _ _ _ _ _ _ _ _ _ _ _ _ _ _ _ _ _ _ _ _ _ _ _ _ _ _ _ _ _ _ _ _ _ _ _ _

client = &lt;starlette.testclient.TestClient object at 0x00000155656AD070&gt;
doc = &lt;ezdxf.document.Drawing object at 0x00000155656AD1C0&gt;

    def upload(client, doc):
        response = client.post('/prepare', files={'file': ('SYNTHETIC-M11-SCOPE.dxf', encoded(doc), 'application/dxf')})
&gt;       assert response.status_code == 200, response.text
E       AssertionError: {"detail":{"code":"SOURCE_CLASSIFICATION_MISSING","message":"项目数据分类清单缺失或不可读。"}}
E       assert 422 == 200
E        +  where 422 = &lt;Response [422 Unprocessable Entity]&gt;.status_code

tests\planning_m11\test_scope_tolerance.py:161: AssertionError</failure></testcase><testcase classname="tests.planning_m11.test_scope_tolerance" name="test_scope_format_audit_cannot_be_removed_or_changed" time="0.030"><failure message="AssertionError: {&quot;detail&quot;:{&quot;code&quot;:&quot;SOURCE_CLASSIFICATION_MISSING&quot;,&quot;message&quot;:&quot;项目数据分类清单缺失或不可读。&quot;}}&#10;assert 422 == 200&#10; +  where 422 = &lt;Response [422 Unprocessable Entity]&gt;.status_code">client = &lt;starlette.testclient.TestClient object at 0x0000015569AE40B0&gt;

    def test_scope_format_audit_cannot_be_removed_or_changed(client):
        doc, _ = cad()
&gt;       result = upload(client, doc)
                 ^^^^^^^^^^^^^^^^^^^

tests\planning_m11\test_scope_tolerance.py:205: 
_ _ _ _ _ _ _ _ _ _ _ _ _ _ _ _ _ _ _ _ _ _ _ _ _ _ _ _ _ _ _ _ _ _ _ _ _ _ _ _

client = &lt;starlette.testclient.TestClient object at 0x0000015569AE40B0&gt;
doc = &lt;ezdxf.document.Drawing object at 0x0000015569AE7FB0&gt;

    def upload(client, doc):
        response = client.post('/prepare', files={'file': ('SYNTHETIC-M11-SCOPE.dxf', encoded(doc), 'application/dxf')})
&gt;       assert response.status_code == 200, response.text
E       AssertionError: {"detail":{"code":"SOURCE_CLASSIFICATION_MISSING","message":"项目数据分类清单缺失或不可读。"}}
E       assert 422 == 200
E        +  where 422 = &lt;Response [422 Unprocessable Entity]&gt;.status_code

tests\planning_m11\test_scope_tolerance.py:161: AssertionError</failure></testcase><testcase classname="tests.planning_m11.test_scope_tolerance" name="test_prepare_does_not_adopt_rough_or_unsafe_scope[rough]" time="0.028"><failure message="AssertionError: {&quot;detail&quot;:{&quot;code&quot;:&quot;SOURCE_CLASSIFICATION_MISSING&quot;,&quot;message&quot;:&quot;项目数据分类清单缺失或不可读。&quot;}}&#10;assert 422 == 200&#10; +  where 422 = &lt;Response [422 Unprocessable Entity]&gt;.status_code">client = &lt;starlette.testclient.TestClient object at 0x000001556248C680&gt;
case = 'rough'

    @pytest.mark.parametrize('case', ['rough', 'multiple', 'bowtie', 'large_spur'])
    def test_prepare_does_not_adopt_rough_or_unsafe_scope(client, case):
        points = RECTANGLE
        if case == 'bowtie':
            points = [(0, 0), (12000, 9000), (0, 9000), (12000, 0)]
        if case == 'large_spur':
            points = [(0, 0), (12000, 0), (12000, 9000), (6000, 9000), (6000.2, 15000), (6000.4, 9000), (0, 9000)]
        doc, _ = cad(points, layer='ROUGH_FRAME' if case == 'rough' else 'PLANNING_SCOPE')
        if case == 'multiple':
            doc.modelspace().add_lwpolyline([(1000, 1000), (2000, 1000), (2000, 2000), (1000, 2000)],
                                          close=True, dxfattribs={'layer': 'HUMAN_PLANNING_SCOPE'})
&gt;       result = upload(client, doc)
                 ^^^^^^^^^^^^^^^^^^^

tests\planning_m11\test_scope_tolerance.py:229: 
_ _ _ _ _ _ _ _ _ _ _ _ _ _ _ _ _ _ _ _ _ _ _ _ _ _ _ _ _ _ _ _ _ _ _ _ _ _ _ _

client = &lt;starlette.testclient.TestClient object at 0x000001556248C680&gt;
doc = &lt;ezdxf.document.Drawing object at 0x00000155629EEED0&gt;

    def upload(client, doc):
        response = client.post('/prepare', files={'file': ('SYNTHETIC-M11-SCOPE.dxf', encoded(doc), 'application/dxf')})
&gt;       assert response.status_code == 200, response.text
E       AssertionError: {"detail":{"code":"SOURCE_CLASSIFICATION_MISSING","message":"项目数据分类清单缺失或不可读。"}}
E       assert 422 == 200
E        +  where 422 = &lt;Response [422 Unprocessable Entity]&gt;.status_code

tests\planning_m11\test_scope_tolerance.py:161: AssertionError</failure></testcase><testcase classname="tests.planning_m11.test_scope_tolerance" name="test_prepare_does_not_adopt_rough_or_unsafe_scope[multiple]" time="0.027"><failure message="AssertionError: {&quot;detail&quot;:{&quot;code&quot;:&quot;SOURCE_CLASSIFICATION_MISSING&quot;,&quot;message&quot;:&quot;项目数据分类清单缺失或不可读。&quot;}}&#10;assert 422 == 200&#10; +  where 422 = &lt;Response [422 Unprocessable Entity]&gt;.status_code">client = &lt;starlette.testclient.TestClient object at 0x0000015562979880&gt;
case = 'multiple'

    @pytest.mark.parametrize('case', ['rough', 'multiple', 'bowtie', 'large_spur'])
    def test_prepare_does_not_adopt_rough_or_unsafe_scope(client, case):
        points = RECTANGLE
        if case == 'bowtie':
            points = [(0, 0), (12000, 9000), (0, 9000), (12000, 0)]
        if case == 'large_spur':
            points = [(0, 0), (12000, 0), (12000, 9000), (6000, 9000), (6000.2, 15000), (6000.4, 9000), (0, 9000)]
        doc, _ = cad(points, layer='ROUGH_FRAME' if case == 'rough' else 'PLANNING_SCOPE')
        if case == 'multiple':
            doc.modelspace().add_lwpolyline([(1000, 1000), (2000, 1000), (2000, 2000), (1000, 2000)],
                                          close=True, dxfattribs={'layer': 'HUMAN_PLANNING_SCOPE'})
&gt;       result = upload(client, doc)
                 ^^^^^^^^^^^^^^^^^^^

tests\planning_m11\test_scope_tolerance.py:229: 
_ _ _ _ _ _ _ _ _ _ _ _ _ _ _ _ _ _ _ _ _ _ _ _ _ _ _ _ _ _ _ _ _ _ _ _ _ _ _ _

client = &lt;starlette.testclient.TestClient object at 0x0000015562979880&gt;
doc = &lt;ezdxf.document.Drawing object at 0x0000015566077410&gt;

    def upload(client, doc):
        response = client.post('/prepare', files={'file': ('SYNTHETIC-M11-SCOPE.dxf', encoded(doc), 'application/dxf')})
&gt;       assert response.status_code == 200, response.text
E       AssertionError: {"detail":{"code":"SOURCE_CLASSIFICATION_MISSING","message":"项目数据分类清单缺失或不可读。"}}
E       assert 422 == 200
E        +  where 422 = &lt;Response [422 Unprocessable Entity]&gt;.status_code

tests\planning_m11\test_scope_tolerance.py:161: AssertionError</failure></testcase><testcase classname="tests.planning_m11.test_scope_tolerance" name="test_prepare_does_not_adopt_rough_or_unsafe_scope[bowtie]" time="0.030"><failure message="AssertionError: {&quot;detail&quot;:{&quot;code&quot;:&quot;SOURCE_CLASSIFICATION_MISSING&quot;,&quot;message&quot;:&quot;项目数据分类清单缺失或不可读。&quot;}}&#10;assert 422 == 200&#10; +  where 422 = &lt;Response [422 Unprocessable Entity]&gt;.status_code">client = &lt;starlette.testclient.TestClient object at 0x00000155629EC980&gt;
case = 'bowtie'

    @pytest.mark.parametrize('case', ['rough', 'multiple', 'bowtie', 'large_spur'])
    def test_prepare_does_not_adopt_rough_or_unsafe_scope(client, case):
        points = RECTANGLE
        if case == 'bowtie':
            points = [(0, 0), (12000, 9000), (0, 9000), (12000, 0)]
        if case == 'large_spur':
            points = [(0, 0), (12000, 0), (12000, 9000), (6000, 9000), (6000.2, 15000), (6000.4, 9000), (0, 9000)]
        doc, _ = cad(points, layer='ROUGH_FRAME' if case == 'rough' else 'PLANNING_SCOPE')
        if case == 'multiple':
            doc.modelspace().add_lwpolyline([(1000, 1000), (2000, 1000), (2000, 2000), (1000, 2000)],
                                          close=True, dxfattribs={'layer': 'HUMAN_PLANNING_SCOPE'})
&gt;       result = upload(client, doc)
                 ^^^^^^^^^^^^^^^^^^^

tests\planning_m11\test_scope_tolerance.py:229: 
_ _ _ _ _ _ _ _ _ _ _ _ _ _ _ _ _ _ _ _ _ _ _ _ _ _ _ _ _ _ _ _ _ _ _ _ _ _ _ _

client = &lt;starlette.testclient.TestClient object at 0x00000155629EC980&gt;
doc = &lt;ezdxf.document.Drawing object at 0x000001556A0F4C20&gt;

    def upload(client, doc):
        response = client.post('/prepare', files={'file': ('SYNTHETIC-M11-SCOPE.dxf', encoded(doc), 'application/dxf')})
&gt;       assert response.status_code == 200, response.text
E       AssertionError: {"detail":{"code":"SOURCE_CLASSIFICATION_MISSING","message":"项目数据分类清单缺失或不可读。"}}
E       assert 422 == 200
E        +  where 422 = &lt;Response [422 Unprocessable Entity]&gt;.status_code

tests\planning_m11\test_scope_tolerance.py:161: AssertionError</failure></testcase><testcase classname="tests.planning_m11.test_scope_tolerance" name="test_prepare_does_not_adopt_rough_or_unsafe_scope[large_spur]" time="0.031"><failure message="AssertionError: {&quot;detail&quot;:{&quot;code&quot;:&quot;SOURCE_CLASSIFICATION_MISSING&quot;,&quot;message&quot;:&quot;项目数据分类清单缺失或不可读。&quot;}}&#10;assert 422 == 200&#10; +  where 422 = &lt;Response [422 Unprocessable Entity]&gt;.status_code">client = &lt;starlette.testclient.TestClient object at 0x000001556A0F7500&gt;
case = 'large_spur'

    @pytest.mark.parametrize('case', ['rough', 'multiple', 'bowtie', 'large_spur'])
    def test_prepare_does_not_adopt_rough_or_unsafe_scope(client, case):
        points = RECTANGLE
        if case == 'bowtie':
            points = [(0, 0), (12000, 9000), (0, 9000), (12000, 0)]
        if case == 'large_spur':
            points = [(0, 0), (12000, 0), (12000, 9000), (6000, 9000), (6000.2, 15000), (6000.4, 9000), (0, 9000)]
        doc, _ = cad(points, layer='ROUGH_FRAME' if case == 'rough' else 'PLANNING_SCOPE')
        if case == 'multiple':
            doc.modelspace().add_lwpolyline([(1000, 1000), (2000, 1000), (2000, 2000), (1000, 2000)],
                                          close=True, dxfattribs={'layer': 'HUMAN_PLANNING_SCOPE'})
&gt;       result = upload(client, doc)
                 ^^^^^^^^^^^^^^^^^^^

tests\planning_m11\test_scope_tolerance.py:229: 
_ _ _ _ _ _ _ _ _ _ _ _ _ _ _ _ _ _ _ _ _ _ _ _ _ _ _ _ _ _ _ _ _ _ _ _ _ _ _ _

client = &lt;starlette.testclient.TestClient object at 0x000001556A0F7500&gt;
doc = &lt;ezdxf.document.Drawing object at 0x000001556A0F49B0&gt;

    def upload(client, doc):
        response = client.post('/prepare', files={'file': ('SYNTHETIC-M11-SCOPE.dxf', encoded(doc), 'application/dxf')})
&gt;       assert response.status_code == 200, response.text
E       AssertionError: {"detail":{"code":"SOURCE_CLASSIFICATION_MISSING","message":"项目数据分类清单缺失或不可读。"}}
E       assert 422 == 200
E        +  where 422 = &lt;Response [422 Unprocessable Entity]&gt;.status_code

tests\planning_m11\test_scope_tolerance.py:161: AssertionError</failure></testcase><testcase classname="tests.planning_v2.test_obstacles" name="test_column" time="0.491" /><testcase classname="tests.planning_v2.test_obstacles" name="test_wall" time="0.509" /><testcase classname="tests.planning_v2.test_obstacles" name="test_diagonal_wall_and_nondefault_clearance" time="0.448" /><testcase classname="tests.planning_v2.test_obstacles" name="test_zero_length_wall_rejected" time="0.003" /><testcase classname="tests.planning_v2.test_obstacles" name="test_hole" time="0.547" /><testcase classname="tests.planning_v2.test_obstacles" name="test_unclosed_hole_rejected" time="0.002" /><testcase classname="tests.planning_v2.test_obstacles" name="test_shifted_module_into_hole_rejected" time="0.242" /><testcase classname="tests.planning_v2.test_obstacles" name="test_entrance" time="0.497" /><testcase classname="tests.planning_v2.test_obstacles" name="test_entrance_added_over_existing_layout_cannot_reuse_it" time="0.256" /><testcase classname="tests.planning_v2.test_obstacles" name="test_concave" time="0.400" /><testcase classname="tests.planning_v2.test_obstacles" name="test_obstacle_translation_covariance" time="0.437" /><testcase classname="tests.planning_v2.test_obstacles" name="test_six_rectangle_structures_preserved" time="1.593" /><testcase classname="tests.planning_v2.test_obstacles" name="test_obstacle_invalid_ring_and_full_block_rejected" time="0.010" /><testcase classname="tests.planning_v2.test_rectangles" name="test_rectangle_structure_independent_geometry_and_determinism[square]" time="0.318" /><testcase classname="tests.planning_v2.test_rectangles" name="test_rectangle_structure_independent_geometry_and_determinism[long]" time="0.337" /><testcase classname="tests.planning_v2.test_rectangles" name="test_rectangle_structure_independent_geometry_and_determinism[wide]" time="0.327" /><testcase classname="tests.planning_v2.test_rectangles" name="test_rectangle_structure_independent_geometry_and_determinism[medium]" time="0.525" /><testcase classname="tests.planning_v2.test_rectangles" name="test_rectangle_structure_independent_geometry_and_determinism[large]" time="1.189" /><testcase classname="tests.planning_v2.test_rectangles" name="test_rectangle_structure_independent_geometry_and_determinism[translated]" time="0.488" /><testcase classname="tests.planning_v2.test_rectangles" name="test_translation_covariance" time="0.409" /><testcase classname="tests.planning_v2.test_rectangles" name="test_mixed_6300_exact_minimum_modules" time="0.002" /><testcase classname="tests.planning_v2.test_rectangles" name="test_dp_matches_exhaustive_oracle[2400]" time="0.002" /><testcase classname="tests.planning_v2.test_rectangles" name="test_dp_matches_exhaustive_oracle[2500]" time="0.002" /><testcase classname="tests.planning_v2.test_rectangles" name="test_dp_matches_exhaustive_oracle[2999.5]" time="0.002" /><testcase classname="tests.planning_v2.test_rectangles" name="test_dp_matches_exhaustive_oracle[3000]" time="0.001" /><testcase classname="tests.planning_v2.test_rectangles" name="test_dp_matches_exhaustive_oracle[3599.999]" time="0.001" /><testcase classname="tests.planning_v2.test_rectangles" name="test_dp_matches_exhaustive_oracle[4500]" time="0.002" /><testcase classname="tests.planning_v2.test_rectangles" name="test_dp_matches_exhaustive_oracle[6300]" time="0.002" /><testcase classname="tests.planning_v2.test_rectangles" name="test_dp_matches_exhaustive_oracle[7100]" time="0.003" /><testcase classname="tests.planning_v2.test_rectangles" name="test_data_driven_1250_template_improves_tail" time="0.022" /><testcase classname="tests.planning_v2.test_rectangles" name="test_single_long_template_does_not_hide_valid_two_modules" time="0.001" /><testcase classname="tests.planning_v2.test_rectangles" name="test_confirmation_rejects_stale_or_unreviewed_space[state]" time="0.003" /><testcase classname="tests.planning_v2.test_rectangles" name="test_confirmation_rejects_stale_or_unreviewed_space[digest]" time="0.003" /><testcase classname="tests.planning_v2.test_rectangles" name="test_confirmation_rejects_stale_or_unreviewed_space[source]" time="0.002" /><testcase classname="tests.planning_v2.test_rectangles" name="test_confirmation_rejects_stale_or_unreviewed_space[unresolved]" time="0.002" /><testcase classname="tests.planning_v2.test_rectangles" name="test_validator_rejects_tampered_output[gap]" time="0.181" /><testcase classname="tests.planning_v2.test_rectangles" name="test_validator_rejects_tampered_output[flat]" time="0.155" /><testcase classname="tests.planning_v2.test_rectangles" name="test_validator_rejects_tampered_output[bom]" time="0.172" /><testcase classname="tests.planning_v2.test_rectangles" name="test_validator_rejects_tampered_output[used]" time="0.163" /><testcase classname="tests.planning_v2.test_rectangles" name="test_validator_rejects_tampered_output[center]" time="0.136" /><testcase classname="tests.planning_v2.test_rectangles" name="test_validator_rejects_tampered_output[end]" time="0.159" /><testcase classname="tests.planning_v2.test_rectangles" name="test_invalid_geometry_rejected" time="0.003" /><testcase classname="tests.planning_v2.test_rectangles" name="test_catalog_levels_never_drive_geometry" time="0.307" /><testcase classname="tests.planning_v2.test_rectangles" name="test_module_function_has_no_io_or_reference_imports" time="0.022" /><testcase classname="tests.planning_v2.test_rectangles" name="test_empty_runs_and_extreme_resource_requests_fail_closed" time="0.165" /><testcase classname="tests.planning_v2.test_rectangles" name="test_all_structural_quality_metrics_are_recomputed[module_count]" time="0.170" /><testcase classname="tests.planning_v2.test_rectangles" name="test_all_structural_quality_metrics_are_recomputed[run_count]" time="0.185" /><testcase classname="tests.planning_v2.test_rectangles" name="test_all_structural_quality_metrics_are_recomputed[average_modules_per_run]" time="0.192" /><testcase classname="tests.planning_v2.test_rectangles" name="test_all_structural_quality_metrics_are_recomputed[isolated_run_ratio]" time="0.197" /><testcase classname="tests.planning_v2.test_rectangles" name="test_all_structural_quality_metrics_are_recomputed[average_run_length_mm]" time="0.174" /><testcase classname="tests.planning_v2.test_rectangles" name="test_all_structural_quality_metrics_are_recomputed[effective_length_mm]" time="0.162" /><testcase classname="tests.planning_v2.test_rectangles" name="test_all_structural_quality_metrics_are_recomputed[tail_waste_mm]" time="0.147" /><testcase classname="tests.planning_v2.test_rectangles" name="test_all_structural_quality_metrics_are_recomputed[max_same_run_gap_mm]" time="0.192" /><testcase classname="tests.planning_v2.test_rectangles" name="test_all_structural_quality_metrics_are_recomputed[minimum_parallel_aisle_mm]" time="0.188" /><testcase classname="tests.planning_v2.test_rectangles" name="test_all_structural_quality_metrics_are_recomputed[footprint_density]" time="0.137" /><testcase classname="tests.planning_v2.test_rectangles" name="test_all_structural_quality_metrics_are_recomputed[planning_area_mm2]" time="0.163" /><testcase classname="tests.planning_v2.test_rectangles" name="test_all_structural_quality_metrics_are_recomputed[geometry_violation_count]" time="0.224" /><testcase classname="tests.planning_v2.test_rectangles" name="test_all_structural_quality_metrics_are_recomputed[direction_counts]" time="0.225" /><testcase classname="tests.planning_v2.test_rectangles" name="test_all_structural_quality_metrics_are_recomputed[template_counts]" time="0.188" /><testcase classname="tests.planning_v2.test_rectangles" name="test_neighbor_and_missing_evidence_rejected[missing]" time="0.171" /><testcase classname="tests.planning_v2.test_rectangles" name="test_neighbor_and_missing_evidence_rejected[fake_clearance]" time="0.216" /><testcase classname="tests.planning_v2.test_rectangles" name="test_neighbor_and_missing_evidence_rejected[fake_relation]" time="0.212" /><testcase classname="tests.planning_v2.test_rectangles" name="test_neighbor_and_missing_evidence_rejected[missing_metric]" time="0.193" /><testcase classname="tests.planning_v2.test_rectangles" name="test_quality_evidence_survives_json_roundtrip" time="0.153" /><testcase classname="tests.products_v2.test_products.CategoryTests" name="test_category_function_has_no_io_or_input_mutation" time="0.003" /><testcase classname="tests.products_v2.test_products.CategoryTests" name="test_full_paths_and_top_level_preserved" time="0.002" /><testcase classname="tests.products_v2.test_products.CategoryTests" name="test_more_categories_than_shelves_and_missing_category" time="0.001" /><testcase classname="tests.products_v2.test_products.CategoryTests" name="test_no_slots_and_duplicate_ids" time="0.001" /><testcase classname="tests.products_v2.test_products.CategoryTests" name="test_snake_order_and_shelf_once" time="0.003" /><testcase classname="tests.products_v2.test_products.CategoryTests" name="test_zone_is_exact_shelf_union_never_enclosing_aisle" time="0.002" /><testcase classname="tests.products_v2.test_products.SyntheticTests" name="test_deterministic_and_pure" time="0.001" /><testcase classname="tests.products_v2.test_products.SyntheticTests" name="test_duplicate_input_rejection" time="0.001" /><testcase classname="tests.products_v2.test_products.SyntheticTests" name="test_explicit_reason_matrix" time="0.002" /><testcase classname="tests.products_v2.test_products.SyntheticTests" name="test_independent_validator_catches_tampering" time="0.001" /><testcase classname="tests.products_v2.test_products.SyntheticTests" name="test_level_height_never_inferred" time="0.001" /><testcase classname="tests.products_v2.test_products.SyntheticTests" name="test_minimum_facings_and_demand_priority" time="0.001" /><testcase classname="tests.products_v2.test_products.SyntheticTests" name="test_xy_rotation_only_when_authorized" time="0.001" /><testcase classname="tests.products_v2.test_products.SyntheticTests" name="test_zero_negative_nonfinite_rejected" time="0.003" /><testcase classname="tests.reference_profile.test_comparison.ComparisonTests" name="test_call_is_pure_no_io_no_input_mutations" time="1.318" /><testcase classname="tests.reference_profile.test_comparison.ComparisonTests" name="test_claimed_acceptance_metadata_cannot_approve" time="0.603" /><testcase classname="tests.reference_profile.test_comparison.ComparisonTests" name="test_geometry_recomputed_and_reference_subsets_parallel" time="0.827" /><testcase classname="tests.reference_profile.test_comparison.ComparisonTests" name="test_nominal_run_cannot_hide_disconnected_module" time="0.652" /><testcase classname="tests.reference_profile.test_comparison.ComparisonTests" name="test_overlap_cannot_be_hidden_in_validation_metadata" time="0.584" /><testcase classname="tests.reference_profile.test_comparison.ComparisonTests" name="test_single_template_is_contextual_review_not_automatic_failure" time="0.653" /><testcase classname="tests.reference_profile.test_comparison.ComparisonTests" name="test_synthetic_never_passes_gate_c" time="0.661" /><testcase classname="tests.reference_profile.test_extract.ReferenceExtractionTests" name="test_back_to_back_not_an_aisle_or_same_face" time="0.004" /><testcase classname="tests.reference_profile.test_extract.ReferenceExtractionTests" name="test_frozen_contract_and_internal_consistency" time="0.007" /><testcase classname="tests.reference_profile.test_extract.ReferenceExtractionTests" name="test_join_tolerance_does_not_bridge_aisle" time="0.002" /><testcase classname="tests.reference_profile.test_extract.ReferenceExtractionTests" name="test_label_parser_does_not_treat_function_text_as_spec" time="0.001" /><testcase classname="tests.reference_profile.test_extract.ReferenceExtractionTests" name="test_labeled_sample_panel_is_translation_invariant" time="0.005" /><testcase classname="tests.reference_profile.test_extract.ReferenceExtractionTests" name="test_rotated_insert_uses_true_footprint_not_aabb" time="0.004" /><testcase classname="tests.reference_profile.test_extract.ReferenceExtractionTests" name="test_rotated_mixed_run" time="0.003" /><testcase classname="tests.reference_profile.test_extract.ReferenceExtractionTests" name="test_single_spec_annotation_is_not_sufficient_for_legend" time="0.002" /><testcase classname="tests.reference_profile.test_supplement_v11.LineSupplementTests" name="test_frozen_v11_support_and_combined_accounting" time="0.006" /><testcase classname="tests.reference_profile.test_supplement_v11.LineSupplementTests" name="test_immutable_freeze_preserves_mtime_and_rejects_difference" time="0.006" /><testcase classname="tests.reference_profile.test_supplement_v11.LineSupplementTests" name="test_no_invented_divider_in_merged_face" time="0.010" /><testcase classname="tests.reference_profile.test_supplement_v11.LineSupplementTests" name="test_source_partition_recovers_two_faces" time="0.011" /><testcase classname="tests.test_v2_confirmation" name="test_confirmation_cannot_be_faked_or_reused_with_other_source" time="0.001"><skipped type="pytest.skip" message="Real L3 product workbook was not migrated; original integration assertion preserved.">C:\D\汉斯\secondunderstand\tests\test_v2_confirmation.py:7: Real L3 product workbook was not migrated; original integration assertion preserved.</skipped></testcase><testcase classname="tests.test_v2_confirmation" name="test_real_unavailable_cannot_contain_simulated_sku" time="0.001" /><testcase classname="tests.test_v2_confirmation" name="test_signer_rejects_incomplete_review_without_creating_key" time="0.006"><skipped type="pytest.skip" message="Real L3 product workbook was not migrated; original integration assertion preserved.">C:\D\汉斯\secondunderstand\tests\test_v2_confirmation.py:31: Real L3 product workbook was not migrated; original integration assertion preserved.</skipped></testcase></testsuite></testsuites>