<?xml version="1.0" encoding="utf-8"?><testsuites name="pytest tests"><testsuite name="pytest" errors="0" failures="0" skipped="0" tests="10" time="10.193" timestamp="2026-09-11T10:37:48.968905+08:00" hostname="desuwu"><testcase classname="tests.planning_m10.test_ui" name="test_operations_render_actual_geometry_both_faces_and_no_fabricated_baseline_route" time="2.342" /><testcase classname="tests.planning_m10.test_ui" name="test_same_task_switch_and_module_access_evidence_uses_server_path" time="0.591" /><testcase classname="tests.planning_m10.test_ui" name="test_incomplete_route_never_becomes_a_complete_task_even_with_finite_path" time="0.463" /><testcase classname="tests.planning_m10.test_ui" name="test_legacy_scenario_keeps_its_metrics_and_hides_operation_state" time="0.700" /><testcase classname="tests.planning_m10.test_ui" name="test_narrow_screen_preserves_comparison_scale_and_task_control" time="1.233" /><testcase classname="tests.planning_m11.test_ui" name="test_old_component_evidence_and_missing_route_remain_honest" time="2.121" /><testcase classname="tests.planning_m11.test_ui" name="test_outside_path_and_logical_threshold_are_distinct_from_physical_wall" time="0.564" /><testcase classname="tests.planning_m11.test_ui" name="test_m10_no_legal_candidate_is_na_while_m11_geometry_stays_reviewable" time="0.435" /><testcase classname="tests.planning_m11.test_ui" name="test_task_switch_uses_exact_returned_path_and_both_face_sides" time="0.602" /><testcase classname="tests.planning_m11.test_ui" name="test_incomplete_fixed_task_cannot_gain_fake_path" time="0.905" /></testsuite></testsuites>