<?xml version="1.0" encoding="utf-8"?><testsuites name="pytest tests"><testsuite name="pytest" errors="0" failures="0" skipped="0" tests="24" time="2.625" timestamp="2026-09-11T10:46:55.347651+08:00" hostname="desuwu"><testcase classname="tests.planning_m11.test_scope_tolerance" name="test_unknown_or_rough_frame_cannot_enter_tolerance[0]" time="0.001" /><testcase classname="tests.planning_m11.test_scope_tolerance" name="test_unknown_or_rough_frame_cannot_enter_tolerance[ROUGH_FRAME]" time="0.000" /><testcase classname="tests.planning_m11.test_scope_tolerance" name="test_unknown_or_rough_frame_cannot_enter_tolerance[DEFPOINTS]" time="0.000" /><testcase classname="tests.planning_m11.test_scope_tolerance" name="test_unknown_or_rough_frame_cannot_enter_tolerance[WALL]" time="0.000" /><testcase classname="tests.planning_m11.test_scope_tolerance" name="test_closure_is_logical_and_keeps_raw_points[False-False]" time="0.004" /><testcase classname="tests.planning_m11.test_scope_tolerance" name="test_closure_is_logical_and_keeps_raw_points[False-True]" time="0.002" /><testcase classname="tests.planning_m11.test_scope_tolerance" name="test_closure_is_logical_and_keeps_raw_points[True-False]" time="0.002" /><testcase classname="tests.planning_m11.test_scope_tolerance" name="test_duplicate_vertices_and_segments_are_audited_without_filling_hole" time="0.004" /><testcase classname="tests.planning_m11.test_scope_tolerance" name="test_local_snap_is_bounded_and_deterministic[points0]" time="0.003" /><testcase classname="tests.planning_m11.test_scope_tolerance" name="test_local_snap_is_bounded_and_deterministic[points1]" time="0.004" /><testcase classname="tests.planning_m11.test_scope_tolerance" name="test_nearby_vertex_chain_cannot_grow_the_tolerance" time="0.002" /><testcase classname="tests.planning_m11.test_scope_tolerance" name="test_local_point_to_segment_snap_is_noded_and_deduplicated" time="0.004" /><testcase classname="tests.planning_m11.test_scope_tolerance" name="test_multiple_substantial_regions_never_select_largest[points0]" time="0.001" /><testcase classname="tests.planning_m11.test_scope_tolerance" name="test_multiple_substantial_regions_never_select_largest[points1]" time="0.001" /><testcase classname="tests.planning_m11.test_scope_tolerance" name="test_long_thin_spur_cannot_be_erased_as_small_area_noise" time="0.002" /><testcase classname="tests.planning_m11.test_scope_tolerance" name="test_even_sub_mm_hole_cannot_be_filled_by_vertex_snap" time="0.002" /><testcase classname="tests.planning_m11.test_scope_tolerance" name="test_real_prepare_accepts_explicit_unflagged_ring_and_signs_evidence[LWPOLYLINE]" time="0.345" /><testcase classname="tests.planning_m11.test_scope_tolerance" name="test_real_prepare_accepts_explicit_unflagged_ring_and_signs_evidence[POLYLINE]" time="0.040" /><testcase classname="tests.planning_m11.test_scope_tolerance" name="test_prepare_preserves_both_implicit_and_explicit_source_holes" time="0.051" /><testcase classname="tests.planning_m11.test_scope_tolerance" name="test_scope_format_audit_cannot_be_removed_or_changed" time="0.038" /><testcase classname="tests.planning_m11.test_scope_tolerance" name="test_prepare_does_not_adopt_rough_or_unsafe_scope[rough]" time="0.028" /><testcase classname="tests.planning_m11.test_scope_tolerance" name="test_prepare_does_not_adopt_rough_or_unsafe_scope[multiple]" time="0.033" /><testcase classname="tests.planning_m11.test_scope_tolerance" name="test_prepare_does_not_adopt_rough_or_unsafe_scope[bowtie]" time="0.036" /><testcase classname="tests.planning_m11.test_scope_tolerance" name="test_prepare_does_not_adopt_rough_or_unsafe_scope[large_spur]" time="0.036" /></testsuite></testsuites>